<?xml version="1.0" encoding="UTF-8"?>
<testng-results ignored="0" total="5" passed="4" failed="1" skipped="0">
  <reporter-output>
  </reporter-output>
  <suite started-at="2022-12-22T20:01:28 IST" name="Suite" finished-at="2022-12-22T20:03:00 IST" duration-ms="92025">
    <groups>
    </groups>
    <test started-at="2022-12-22T20:01:28 IST" name="Test" finished-at="2022-12-22T20:03:00 IST" duration-ms="92025">
      <class name="com.qa.goibiboBooking.Goibibo">
        <test-method is-config="true" signature="setExtentReports()[pri:0, instance:com.qa.goibiboBooking.Goibibo@353352b6]" started-at="2022-12-22T20:01:28 IST" name="setExtentReports" finished-at="2022-12-22T20:01:29 IST" duration-ms="153" status="PASS">
          <reporter-output>
          </reporter-output>
        </test-method> <!-- setExtentReports -->
        <test-method is-config="true" signature="setUp(java.lang.String,java.lang.String)[pri:0, instance:com.qa.goibiboBooking.Goibibo@353352b6]" started-at="2022-12-22T20:01:29 IST" name="setUp" finished-at="2022-12-22T20:01:34 IST" duration-ms="4945" status="PASS">
          <params>
            <param index="0">
              <value>
                <![CDATA[Chrome]]>
              </value>
            </param>
            <param index="1">
              <value>
                <![CDATA[https://www.goibibo.com]]>
              </value>
            </param>
          </params>
          <reporter-output>
          </reporter-output>
        </test-method> <!-- setUp -->
        <test-method signature="goibiboTitleTest()[pri:0, instance:com.qa.goibiboBooking.Goibibo@353352b6]" started-at="2022-12-22T20:01:34 IST" name="goibiboTitleTest" finished-at="2022-12-22T20:01:34 IST" duration-ms="24" status="PASS">
          <reporter-output>
          </reporter-output>
        </test-method> <!-- goibiboTitleTest -->
        <test-method is-config="true" signature="tearDown(org.testng.ITestResult)[pri:0, instance:com.qa.goibiboBooking.Goibibo@353352b6]" started-at="2022-12-22T20:01:34 IST" name="tearDown" finished-at="2022-12-22T20:01:34 IST" duration-ms="4" status="PASS">
          <params>
            <param index="0">
              <value>
                <![CDATA[[TestResult name=goibiboTitleTest status=SUCCESS method=Goibibo.goibiboTitleTest()[pri:0, instance:com.qa.goibiboBooking.Goibibo@353352b6] output={null}]]]>
              </value>
            </param>
          </params>
          <reporter-output>
          </reporter-output>
        </test-method> <!-- tearDown -->
        <test-method is-config="true" signature="setUp(java.lang.String,java.lang.String)[pri:0, instance:com.qa.goibiboBooking.Goibibo@353352b6]" started-at="2022-12-22T20:01:34 IST" name="setUp" finished-at="2022-12-22T20:01:37 IST" duration-ms="2974" status="PASS">
          <params>
            <param index="0">
              <value>
                <![CDATA[Chrome]]>
              </value>
            </param>
            <param index="1">
              <value>
                <![CDATA[https://www.goibibo.com]]>
              </value>
            </param>
          </params>
          <reporter-output>
          </reporter-output>
        </test-method> <!-- setUp -->
        <test-method signature="goibiboLogoTest()[pri:1, instance:com.qa.goibiboBooking.Goibibo@353352b6]" started-at="2022-12-22T20:01:37 IST" name="goibiboLogoTest" finished-at="2022-12-22T20:01:37 IST" duration-ms="80" status="PASS">
          <reporter-output>
          </reporter-output>
        </test-method> <!-- goibiboLogoTest -->
        <test-method is-config="true" signature="tearDown(org.testng.ITestResult)[pri:0, instance:com.qa.goibiboBooking.Goibibo@353352b6]" started-at="2022-12-22T20:01:37 IST" name="tearDown" finished-at="2022-12-22T20:01:37 IST" duration-ms="0" status="PASS">
          <params>
            <param index="0">
              <value>
                <![CDATA[[TestResult name=goibiboLogoTest status=SUCCESS method=Goibibo.goibiboLogoTest()[pri:1, instance:com.qa.goibiboBooking.Goibibo@353352b6] output={null}]]]>
              </value>
            </param>
          </params>
          <reporter-output>
          </reporter-output>
        </test-method> <!-- tearDown -->
        <test-method is-config="true" signature="setUp(java.lang.String,java.lang.String)[pri:0, instance:com.qa.goibiboBooking.Goibibo@353352b6]" started-at="2022-12-22T20:01:37 IST" name="setUp" finished-at="2022-12-22T20:01:41 IST" duration-ms="3287" status="PASS">
          <params>
            <param index="0">
              <value>
                <![CDATA[Chrome]]>
              </value>
            </param>
            <param index="1">
              <value>
                <![CDATA[https://www.goibibo.com]]>
              </value>
            </param>
          </params>
          <reporter-output>
          </reporter-output>
        </test-method> <!-- setUp -->
        <test-method signature="goibiboBookingTest(java.lang.String,java.lang.String,java.lang.String,java.lang.String,java.lang.String,java.lang.String,java.lang.String,java.lang.String,java.lang.String,java.lang.String,java.lang.String,java.lang.String)[pri:2, instance:com.qa.goibiboBooking.Goibibo@353352b6]" started-at="2022-12-22T20:01:41 IST" name="goibiboBookingTest" data-provider="getBookingData" finished-at="2022-12-22T20:01:44 IST" duration-ms="2910" status="PASS">
          <params>
            <param index="0">
              <value>
                <![CDATA[mumbai]]>
              </value>
            </param>
            <param index="1">
              <value>
                <![CDATA[Chhatrapati Shivaji International Airport]]>
              </value>
            </param>
            <param index="2">
              <value>
                <![CDATA[kolkata]]>
              </value>
            </param>
            <param index="3">
              <value>
                <![CDATA[Netaji Subhash Chandra Bose International ...]]>
              </value>
            </param>
            <param index="4">
              <value>
                <![CDATA[28.03.2023]]>
              </value>
            </param>
            <param index="5">
              <value>
                <![CDATA[dd.MM.yyyy]]>
              </value>
            </param>
            <param index="6">
              <value>
                <![CDATA[31.03.2023]]>
              </value>
            </param>
            <param index="7">
              <value>
                <![CDATA[dd.MM.yyyy]]>
              </value>
            </param>
            <param index="8">
              <value>
                <![CDATA[premium economy]]>
              </value>
            </param>
            <param index="9">
              <value>
                <![CDATA[10]]>
              </value>
            </param>
            <param index="10">
              <value>
                <![CDATA[4]]>
              </value>
            </param>
            <param index="11">
              <value>
                <![CDATA[2]]>
              </value>
            </param>
          </params>
          <reporter-output>
          </reporter-output>
        </test-method> <!-- goibiboBookingTest -->
        <test-method is-config="true" signature="tearDown(org.testng.ITestResult)[pri:0, instance:com.qa.goibiboBooking.Goibibo@353352b6]" started-at="2022-12-22T20:01:44 IST" name="tearDown" finished-at="2022-12-22T20:01:44 IST" duration-ms="2" status="PASS">
          <params>
            <param index="0">
              <value>
                <![CDATA[[TestResult name=goibiboBookingTest status=SUCCESS method=Goibibo.goibiboBookingTest(java.lang.String,java.lang.String,java.lang.String,java.lang.String,java.lang.String,java.lang.String,java.lang.String,java.lang.String,java.lang.String,java.lang.String,java.lang.String,java.lang.String)[pri:2, instance:com.qa.goibiboBooking.Goibibo@353352b6] output={null}]]]>
              </value>
            </param>
          </params>
          <reporter-output>
          </reporter-output>
        </test-method> <!-- tearDown -->
        <test-method is-config="true" signature="setUp(java.lang.String,java.lang.String)[pri:0, instance:com.qa.goibiboBooking.Goibibo@353352b6]" started-at="2022-12-22T20:01:44 IST" name="setUp" finished-at="2022-12-22T20:01:47 IST" duration-ms="3482" status="PASS">
          <params>
            <param index="0">
              <value>
                <![CDATA[Chrome]]>
              </value>
            </param>
            <param index="1">
              <value>
                <![CDATA[https://www.goibibo.com]]>
              </value>
            </param>
          </params>
          <reporter-output>
          </reporter-output>
        </test-method> <!-- setUp -->
        <test-method signature="goibiboBookingTest(java.lang.String,java.lang.String,java.lang.String,java.lang.String,java.lang.String,java.lang.String,java.lang.String,java.lang.String,java.lang.String,java.lang.String,java.lang.String,java.lang.String)[pri:2, instance:com.qa.goibiboBooking.Goibibo@353352b6]" started-at="2022-12-22T20:01:47 IST" name="goibiboBookingTest" data-provider="getBookingData" finished-at="2022-12-22T20:02:32 IST" duration-ms="45222" status="PASS">
          <params>
            <param index="0">
              <value>
                <![CDATA[pune]]>
              </value>
            </param>
            <param index="1">
              <value>
                <![CDATA[Pune Airport]]>
              </value>
            </param>
            <param index="2">
              <value>
                <![CDATA[mumbai]]>
              </value>
            </param>
            <param index="3">
              <value>
                <![CDATA[Chhatrapati Shivaji International Airport]]>
              </value>
            </param>
            <param index="4">
              <value>
                <![CDATA[14.04.2023]]>
              </value>
            </param>
            <param index="5">
              <value>
                <![CDATA[dd.MM.yyyy]]>
              </value>
            </param>
            <param index="6">
              <value>
                <![CDATA[22.04.2023]]>
              </value>
            </param>
            <param index="7">
              <value>
                <![CDATA[dd.MM.yyyy]]>
              </value>
            </param>
            <param index="8">
              <value>
                <![CDATA[business]]>
              </value>
            </param>
            <param index="9">
              <value>
                <![CDATA[3]]>
              </value>
            </param>
            <param index="10">
              <value>
                <![CDATA[2]]>
              </value>
            </param>
            <param index="11">
              <value>
                <![CDATA[1]]>
              </value>
            </param>
          </params>
          <reporter-output>
          </reporter-output>
        </test-method> <!-- goibiboBookingTest -->
        <test-method is-config="true" signature="tearDown(org.testng.ITestResult)[pri:0, instance:com.qa.goibiboBooking.Goibibo@353352b6]" started-at="2022-12-22T20:02:32 IST" name="tearDown" finished-at="2022-12-22T20:02:32 IST" duration-ms="3" status="PASS">
          <params>
            <param index="0">
              <value>
                <![CDATA[[TestResult name=goibiboBookingTest status=SUCCESS method=Goibibo.goibiboBookingTest(java.lang.String,java.lang.String,java.lang.String,java.lang.String,java.lang.String,java.lang.String,java.lang.String,java.lang.String,java.lang.String,java.lang.String,java.lang.String,java.lang.String)[pri:2, instance:com.qa.goibiboBooking.Goibibo@353352b6] output={null}]]]>
              </value>
            </param>
          </params>
          <reporter-output>
          </reporter-output>
        </test-method> <!-- tearDown -->
        <test-method is-config="true" signature="setUp(java.lang.String,java.lang.String)[pri:0, instance:com.qa.goibiboBooking.Goibibo@353352b6]" started-at="2022-12-22T20:02:32 IST" name="setUp" finished-at="2022-12-22T20:02:38 IST" duration-ms="5277" status="PASS">
          <params>
            <param index="0">
              <value>
                <![CDATA[Chrome]]>
              </value>
            </param>
            <param index="1">
              <value>
                <![CDATA[https://www.goibibo.com]]>
              </value>
            </param>
          </params>
          <reporter-output>
          </reporter-output>
        </test-method> <!-- setUp -->
        <test-method signature="goibiboBookingTest(java.lang.String,java.lang.String,java.lang.String,java.lang.String,java.lang.String,java.lang.String,java.lang.String,java.lang.String,java.lang.String,java.lang.String,java.lang.String,java.lang.String)[pri:2, instance:com.qa.goibiboBooking.Goibibo@353352b6]" started-at="2022-12-22T20:02:38 IST" name="goibiboBookingTest" data-provider="getBookingData" finished-at="2022-12-22T20:03:00 IST" duration-ms="22325" status="FAIL">
          <params>
            <param index="0">
              <value>
                <![CDATA[kolkata]]>
              </value>
            </param>
            <param index="1">
              <value>
                <![CDATA[Netaji Subhash Chandra Bose International ...]]>
              </value>
            </param>
            <param index="2">
              <value>
                <![CDATA[pune]]>
              </value>
            </param>
            <param index="3">
              <value>
                <![CDATA[Pune Airport]]>
              </value>
            </param>
            <param index="4">
              <value>
                <![CDATA[3.02.2023]]>
              </value>
            </param>
            <param index="5">
              <value>
                <![CDATA[dd.MM.yyyy]]>
              </value>
            </param>
            <param index="6">
              <value>
                <![CDATA[2.02.2023]]>
              </value>
            </param>
            <param index="7">
              <value>
                <![CDATA[dd.MM.yyyy]]>
              </value>
            </param>
            <param index="8">
              <value>
                <![CDATA[first class]]>
              </value>
            </param>
            <param index="9">
              <value>
                <![CDATA[3]]>
              </value>
            </param>
            <param index="10">
              <value>
                <![CDATA[2]]>
              </value>
            </param>
            <param index="11">
              <value>
                <![CDATA[4]]>
              </value>
            </param>
          </params>
          <exception class="org.openqa.selenium.NoSuchElementException">
            <message>
              <![CDATA[no such element: Unable to locate element: {"method":"xpath","selector":"//li[text()='first class']"}
  (Session info: chrome=108.0.5359.125)
For documentation on this error, please visit: https://selenium.dev/exceptions/#no_such_element
Build info: version: '4.7.1', revision: 'c6795baf1a3'
System info: os.name: 'Windows 11', os.arch: 'amd64', os.version: '10.0', java.version: '17.0.4'
Driver info: org.openqa.selenium.chrome.ChromeDriver
Command: [d72e93de336897bec0fa3f8d9980cd0d, findElement {using=xpath, value=//li[text()='first class']}]
Capabilities {acceptInsecureCerts: false, browserName: chrome, browserVersion: 108.0.5359.125, chrome: {chromedriverVersion: 108.0.5359.71 (1e0e3868ee06..., userDataDir: C:\Users\TEJASP~1\AppData\L...}, goog:chromeOptions: {debuggerAddress: localhost:55717}, networkConnectionEnabled: false, pageLoadStrategy: normal, platformName: WINDOWS, proxy: Proxy(), se:cdp: ws://localhost:55717/devtoo..., se:cdpVersion: 108.0.5359.125, setWindowRect: true, strictFileInteractability: false, timeouts: {implicit: 0, pageLoad: 300000, script: 30000}, unhandledPromptBehavior: dismiss and notify, webauthn:extension:credBlob: true, webauthn:extension:largeBlob: true, webauthn:virtualAuthenticators: true}
Session ID: d72e93de336897bec0fa3f8d9980cd0d]]>
            </message>
            <full-stacktrace>
              <![CDATA[org.openqa.selenium.NoSuchElementException: no such element: Unable to locate element: {"method":"xpath","selector":"//li[text()='first class']"}
  (Session info: chrome=108.0.5359.125)
For documentation on this error, please visit: https://selenium.dev/exceptions/#no_such_element
Build info: version: '4.7.1', revision: 'c6795baf1a3'
System info: os.name: 'Windows 11', os.arch: 'amd64', os.version: '10.0', java.version: '17.0.4'
Driver info: org.openqa.selenium.chrome.ChromeDriver
Command: [d72e93de336897bec0fa3f8d9980cd0d, findElement {using=xpath, value=//li[text()='first class']}]
Capabilities {acceptInsecureCerts: false, browserName: chrome, browserVersion: 108.0.5359.125, chrome: {chromedriverVersion: 108.0.5359.71 (1e0e3868ee06..., userDataDir: C:\Users\TEJASP~1\AppData\L...}, goog:chromeOptions: {debuggerAddress: localhost:55717}, networkConnectionEnabled: false, pageLoadStrategy: normal, platformName: WINDOWS, proxy: Proxy(), se:cdp: ws://localhost:55717/devtoo..., se:cdpVersion: 108.0.5359.125, setWindowRect: true, strictFileInteractability: false, timeouts: {implicit: 0, pageLoad: 300000, script: 30000}, unhandledPromptBehavior: dismiss and notify, webauthn:extension:credBlob: true, webauthn:extension:largeBlob: true, webauthn:virtualAuthenticators: true}
Session ID: d72e93de336897bec0fa3f8d9980cd0d
at java.base/jdk.internal.reflect.NativeConstructorAccessorImpl.newInstance0(Native Method)
at java.base/jdk.internal.reflect.NativeConstructorAccessorImpl.newInstance(NativeConstructorAccessorImpl.java:77)
at java.base/jdk.internal.reflect.DelegatingConstructorAccessorImpl.newInstance(DelegatingConstructorAccessorImpl.java:45)
at java.base/java.lang.reflect.Constructor.newInstanceWithCaller(Constructor.java:499)
at java.base/java.lang.reflect.Constructor.newInstance(Constructor.java:480)
at org.openqa.selenium.remote.codec.w3c.W3CHttpResponseCodec.createException(W3CHttpResponseCodec.java:200)
at org.openqa.selenium.remote.codec.w3c.W3CHttpResponseCodec.decode(W3CHttpResponseCodec.java:133)
at org.openqa.selenium.remote.codec.w3c.W3CHttpResponseCodec.decode(W3CHttpResponseCodec.java:53)
at org.openqa.selenium.remote.HttpCommandExecutor.execute(HttpCommandExecutor.java:184)
at org.openqa.selenium.remote.service.DriverCommandExecutor.invokeExecute(DriverCommandExecutor.java:167)
at org.openqa.selenium.remote.service.DriverCommandExecutor.execute(DriverCommandExecutor.java:142)
at org.openqa.selenium.remote.RemoteWebDriver.execute(RemoteWebDriver.java:551)
at org.openqa.selenium.remote.ElementLocation$ElementFinder$2.findElement(ElementLocation.java:162)
at org.openqa.selenium.remote.ElementLocation.findElement(ElementLocation.java:60)
at org.openqa.selenium.remote.RemoteWebDriver.findElement(RemoteWebDriver.java:367)
at org.openqa.selenium.remote.RemoteWebDriver.findElement(RemoteWebDriver.java:359)
at com.qa.goibiboBooking.Goibibo.goibiboBookingTest(Goibibo.java:253)
at java.base/jdk.internal.reflect.NativeMethodAccessorImpl.invoke0(Native Method)
at java.base/jdk.internal.reflect.NativeMethodAccessorImpl.invoke(NativeMethodAccessorImpl.java:77)
at java.base/jdk.internal.reflect.DelegatingMethodAccessorImpl.invoke(DelegatingMethodAccessorImpl.java:43)
at java.base/java.lang.reflect.Method.invoke(Method.java:568)
at org.testng.internal.invokers.MethodInvocationHelper.invokeMethod(MethodInvocationHelper.java:139)
at org.testng.internal.invokers.TestInvoker.invokeMethod(TestInvoker.java:677)
at org.testng.internal.invokers.TestInvoker.invokeTestMethod(TestInvoker.java:221)
at org.testng.internal.invokers.MethodRunner.runInSequence(MethodRunner.java:50)
at org.testng.internal.invokers.TestInvoker$MethodInvocationAgent.invoke(TestInvoker.java:969)
at org.testng.internal.invokers.TestInvoker.invokeTestMethods(TestInvoker.java:194)
at org.testng.internal.invokers.TestMethodWorker.invokeTestMethods(TestMethodWorker.java:148)
at org.testng.internal.invokers.TestMethodWorker.run(TestMethodWorker.java:128)
at java.base/java.util.ArrayList.forEach(ArrayList.java:1511)
at org.testng.TestRunner.privateRun(TestRunner.java:829)
at org.testng.TestRunner.run(TestRunner.java:602)
at org.testng.SuiteRunner.runTest(SuiteRunner.java:437)
at org.testng.SuiteRunner.runSequentially(SuiteRunner.java:431)
at org.testng.SuiteRunner.privateRun(SuiteRunner.java:391)
at org.testng.SuiteRunner.run(SuiteRunner.java:330)
at org.testng.SuiteRunnerWorker.runSuite(SuiteRunnerWorker.java:52)
at org.testng.SuiteRunnerWorker.run(SuiteRunnerWorker.java:95)
at org.testng.TestNG.runSuitesSequentially(TestNG.java:1256)
at org.testng.TestNG.runSuitesLocally(TestNG.java:1176)
at org.testng.TestNG.runSuites(TestNG.java:1099)
at org.testng.TestNG.run(TestNG.java:1067)
at org.testng.remote.AbstractRemoteTestNG.run(AbstractRemoteTestNG.java:115)
at org.testng.remote.RemoteTestNG.initAndRun(RemoteTestNG.java:251)
at org.testng.remote.RemoteTestNG.main(RemoteTestNG.java:77)
]]>
            </full-stacktrace>
          </exception> <!-- org.openqa.selenium.NoSuchElementException -->
          <reporter-output>
          </reporter-output>
        </test-method> <!-- goibiboBookingTest -->
        <test-method is-config="true" signature="tearDown(org.testng.ITestResult)[pri:0, instance:com.qa.goibiboBooking.Goibibo@353352b6]" started-at="2022-12-22T20:03:00 IST" name="tearDown" finished-at="2022-12-22T20:03:00 IST" duration-ms="234" status="PASS">
          <params>
            <param index="0">
              <value>
                <![CDATA[[TestResult name=goibiboBookingTest status=FAILURE method=Goibibo.goibiboBookingTest(java.lang.String,java.lang.String,java.lang.String,java.lang.String,java.lang.String,java.lang.String,java.lang.String,java.lang.String,java.lang.String,java.lang.String,java.lang.String,java.lang.String)[pri:2, instance:com.qa.goibiboBooking.Goibibo@353352b6] output={null}]]]>
              </value>
            </param>
          </params>
          <reporter-output>
          </reporter-output>
        </test-method> <!-- tearDown -->
        <test-method is-config="true" signature="endExtentReports()[pri:0, instance:com.qa.goibiboBooking.Goibibo@353352b6]" started-at="2022-12-22T20:03:00 IST" name="endExtentReports" finished-at="2022-12-22T20:03:00 IST" duration-ms="311" status="PASS">
          <reporter-output>
          </reporter-output>
        </test-method> <!-- endExtentReports -->
      </class> <!-- com.qa.goibiboBooking.Goibibo -->
    </test> <!-- Test -->
  </suite> <!-- Suite -->
</testng-results>
